c:\users\wujz\documents\visual studio 2015\projects\datastructure\datastructure\debug\vc140.pdb
c:\users\wujz\documents\visual studio 2015\projects\datastructure\datastructure\debug\vc140.idb
c:\users\wujz\documents\visual studio 2015\projects\datastructure\datastructure\debug\bitree.obj
c:\users\wujz\documents\visual studio 2015\projects\datastructure\datastructure\debug\bitree_main.obj
c:\users\wujz\documents\visual studio 2015\projects\datastructure\datastructure\debug\telemtype.obj
c:\users\wujz\documents\visual studio 2015\projects\datastructure\datastructure\debug\linklist.obj
c:\users\wujz\documents\visual studio 2015\projects\datastructure\datastructure\debug\linklist_main.obj
c:\users\wujz\documents\visual studio 2015\projects\datastructure\datastructure\debug\mazeutils.obj
c:\users\wujz\documents\visual studio 2015\projects\datastructure\datastructure\debug\posstack.obj
c:\users\wujz\documents\visual studio 2015\projects\datastructure\datastructure\debug\sqlist.obj
c:\users\wujz\documents\visual studio 2015\projects\datastructure\datastructure\debug\sqlist_main.obj
c:\users\wujz\documents\visual studio 2015\projects\datastructure\datastructure\debug\sqstack.obj
c:\users\wujz\documents\visual studio 2015\projects\datastructure\datastructure\debug\sqstack_main.obj
c:\users\wujz\documents\visual studio 2015\projects\datastructure\datastructure\debug\triplet.obj
c:\users\wujz\documents\visual studio 2015\projects\datastructure\debug\datastructure.pdb
c:\users\wujz\documents\visual studio 2015\projects\datastructure\datastructure\debug\datastructure.tlog\cl.command.1.tlog
c:\users\wujz\documents\visual studio 2015\projects\datastructure\datastructure\debug\datastructure.tlog\cl.read.1.tlog
c:\users\wujz\documents\visual studio 2015\projects\datastructure\datastructure\debug\datastructure.tlog\cl.write.1.tlog
c:\users\wujz\documents\visual studio 2015\projects\datastructure\datastructure\debug\datastructure.tlog\link-cvtres.read.1.tlog
c:\users\wujz\documents\visual studio 2015\projects\datastructure\datastructure\debug\datastructure.tlog\link-cvtres.write.1.tlog
c:\users\wujz\documents\visual studio 2015\projects\datastructure\datastructure\debug\datastructure.tlog\link-rc.read.1.tlog
c:\users\wujz\documents\visual studio 2015\projects\datastructure\datastructure\debug\datastructure.tlog\link-rc.write.1.tlog
c:\users\wujz\documents\visual studio 2015\projects\datastructure\datastructure\debug\datastructure.tlog\link.command.1.tlog
c:\users\wujz\documents\visual studio 2015\projects\datastructure\datastructure\debug\datastructure.tlog\link.read.1.tlog
c:\users\wujz\documents\visual studio 2015\projects\datastructure\datastructure\debug\datastructure.tlog\link.write.1.tlog
